<?xml version="1.0" encoding="UTF-8"?>
<!-- Generated by org.testng.reporters.JUnitReportReporter -->
<testsuite hostname="DESKTOP-FB2K8DO" failures="0" tests="1" name="com.OrangeHRM_TestCases.TC_Test_User_Role" time="4.491" errors="0" timestamp="2021-11-05T18:17:40 IST" skipped="0">
  <testcase classname="com.OrangeHRM_TestCases.TC_Test_User_Role" name="checkUserRole" time="4.491"/>
  <system-out/>
</testsuite> <!-- com.OrangeHRM_TestCases.TC_Test_User_Role -->
